## 2022
- {{fill date _posts/2022/2022-01-26-python-and-julia-2}}, [{{fill title _posts/2022/2022-01-26-python-and-julia-2}}](_posts/2022/2022-01-26-python-and-julia-2)
- {{fill date _posts/2022/2022-01-19-python-and-julia-1}}, [{{fill title _posts/2022/2022-01-19-python-and-julia-1}}](_posts/2022/2022-01-19-python-and-julia-1)
## 2021
- {{fill date _posts/2021/2021-12-03-cffinit}}, [{{fill title _posts/2021/2021-12-03-cffinit}}](_posts/2021/2021-12-03-cffinit)
- {{fill date _posts/2021/2021-06-28-migracao-franklin}}, [{{fill title _posts/2021/2021-06-28-migracao-franklin}}](_posts/2021/2021-06-28-migracao-franklin)
## 2018
- {{fill date _posts/2018/2018-12-12-koch-snowflakes-for-the-holidays}}, [{{fill title _posts/2018/2018-12-12-koch-snowflakes-for-the-holidays}}](_posts/2018/2018-12-12-koch-snowflakes-for-the-holidays)
- {{fill date _posts/2018/2018-12-05-package-development-on-julia-10}}, [{{fill title _posts/2018/2018-12-05-package-development-on-julia-10}}](_posts/2018/2018-12-05-package-development-on-julia-10)
- {{fill date _posts/2018/2018-09-04-the-dollar-game-from-numberphile}}, [{{fill title _posts/2018/2018-09-04-the-dollar-game-from-numberphile}}](_posts/2018/2018-09-04-the-dollar-game-from-numberphile)
- {{fill date _posts/2018/2018-07-04-my-experience-in-the-jump-dev-annual-workshop}}, [{{fill title _posts/2018/2018-07-04-my-experience-in-the-jump-dev-annual-workshop}}](_posts/2018/2018-07-04-my-experience-in-the-jump-dev-annual-workshop)
## 2017
- {{fill date _posts/2017/2017-05-09-introduction-to-performance-profile}}, [{{fill title _posts/2017/2017-05-09-introduction-to-performance-profile}}](_posts/2017/2017-05-09-introduction-to-performance-profile)
- {{fill date _posts/2017/2017-03-13-installing-gurobi-7-on-linux}}, [{{fill title _posts/2017/2017-03-13-installing-gurobi-7-on-linux}}](_posts/2017/2017-03-13-installing-gurobi-7-on-linux)
- {{fill date _posts/2017/2017-02-20-minicurso-de-julia-no-ix-simposio-de-analise-numerica-e-otimizacao-da-ufpr}}, [{{fill title _posts/2017/2017-02-20-minicurso-de-julia-no-ix-simposio-de-analise-numerica-e-otimizacao-da-ufpr}}](_posts/2017/2017-02-20-minicurso-de-julia-no-ix-simposio-de-analise-numerica-e-otimizacao-da-ufpr)
- {{fill date _posts/2017/2017-02-17-nlpmodelsjl-and-cutestjl-constrained-optimization}}, [{{fill title _posts/2017/2017-02-17-nlpmodelsjl-and-cutestjl-constrained-optimization}}](_posts/2017/2017-02-17-nlpmodelsjl-and-cutestjl-constrained-optimization)
- {{fill date _posts/2017/2017-02-07-nlpmodelsjl-cutestjl-and-other-nonlinear-optimization-packages-on-julia}}, [{{fill title _posts/2017/2017-02-07-nlpmodelsjl-cutestjl-and-other-nonlinear-optimization-packages-on-julia}}](_posts/2017/2017-02-07-nlpmodelsjl-cutestjl-and-other-nonlinear-optimization-packages-on-julia)
- {{fill date _posts/2017/2017-01-15-julia-fractal-on-julia}}, [{{fill title _posts/2017/2017-01-15-julia-fractal-on-julia}}](_posts/2017/2017-01-15-julia-fractal-on-julia)
## 2016
- {{fill date _posts/2016/2016-12-18-advent-of-code-2016-in-julia}}, [{{fill title _posts/2016/2016-12-18-advent-of-code-2016-in-julia}}](_posts/2016/2016-12-18-advent-of-code-2016-in-julia)
- {{fill date _posts/2016/2016-11-29-smne-2016-julia}}, [{{fill title _posts/2016/2016-11-29-smne-2016-julia}}](_posts/2016/2016-11-29-smne-2016-julia)
- {{fill date _posts/2016/2016-08-21-a-quasi-solution-to-my-bib-problem}}, [{{fill title _posts/2016/2016-08-21-a-quasi-solution-to-my-bib-problem}}](_posts/2016/2016-08-21-a-quasi-solution-to-my-bib-problem)
- {{fill date _posts/2016/2016-08-07-oficina-de-ferramentas-computacionais-na-ufpr-01-de-agosto-de-2016}}, [{{fill title _posts/2016/2016-08-07-oficina-de-ferramentas-computacionais-na-ufpr-01-de-agosto-de-2016}}](_posts/2016/2016-08-07-oficina-de-ferramentas-computacionais-na-ufpr-01-de-agosto-de-2016)
- {{fill date _posts/2016/2016-07-06-long-time-away}}, [{{fill title _posts/2016/2016-07-06-long-time-away}}](_posts/2016/2016-07-06-long-time-away)
- {{fill date _posts/2016/2016-03-20-games-for-programmers}}, [{{fill title _posts/2016/2016-03-20-games-for-programmers}}](_posts/2016/2016-03-20-games-for-programmers)
- {{fill date _posts/2016/2016-03-13-test-driven-development-in-julia}}, [{{fill title _posts/2016/2016-03-13-test-driven-development-in-julia}}](_posts/2016/2016-03-13-test-driven-development-in-julia)
- {{fill date _posts/2016/2016-03-06-latex-tools-for-revision}}, [{{fill title _posts/2016/2016-03-06-latex-tools-for-revision}}](_posts/2016/2016-03-06-latex-tools-for-revision)
- {{fill date _posts/2016/2016-02-28-minicurso-de-julia-para-otimizacao}}, [{{fill title _posts/2016/2016-02-28-minicurso-de-julia-para-otimizacao}}](_posts/2016/2016-02-28-minicurso-de-julia-para-otimizacao)
- {{fill date _posts/2016/2016-02-23-ubuntu-graphic-interface-stopped-working}}, [{{fill title _posts/2016/2016-02-23-ubuntu-graphic-interface-stopped-working}}](_posts/2016/2016-02-23-ubuntu-graphic-interface-stopped-working)
- {{fill date _posts/2016/2016-02-21-automated-testing}}, [{{fill title _posts/2016/2016-02-21-automated-testing}}](_posts/2016/2016-02-21-automated-testing)
- {{fill date _posts/2016/2016-02-14-viii-simposio-de-analise-numerica}}, [{{fill title _posts/2016/2016-02-14-viii-simposio-de-analise-numerica}}](_posts/2016/2016-02-14-viii-simposio-de-analise-numerica)
- {{fill date _posts/2016/2016-02-13-professional-site-and-blog-for-researchers-professores-and-students}}, [{{fill title _posts/2016/2016-02-13-professional-site-and-blog-for-researchers-professores-and-students}}](_posts/2016/2016-02-13-professional-site-and-blog-for-researchers-professores-and-students)
## 2015
- {{fill date _posts/2015/2015-11-20-apresentacao-no-poincare---2015}}, [{{fill title _posts/2015/2015-11-20-apresentacao-no-poincare---2015}}](_posts/2015/2015-11-20-apresentacao-no-poincare---2015)
- {{fill date _posts/2015/2015-11-16-new-computer-at-work}}, [{{fill title _posts/2015/2015-11-16-new-computer-at-work}}](_posts/2015/2015-11-16-new-computer-at-work)
- {{fill date _posts/2015/2015-10-01-installing-cutest-and-cutestjl}}, [{{fill title _posts/2015/2015-10-01-installing-cutest-and-cutestjl}}](_posts/2015/2015-10-01-installing-cutest-and-cutestjl)
- {{fill date _posts/2015/2015-05-30-resultado-da-oficina-de-ferramentas-computacionais-para-pesquisadores}}, [{{fill title _posts/2015/2015-05-30-resultado-da-oficina-de-ferramentas-computacionais-para-pesquisadores}}](_posts/2015/2015-05-30-resultado-da-oficina-de-ferramentas-computacionais-para-pesquisadores)
- {{fill date _posts/2015/2015-04-13-workshop-de-ferramentas-computacionais-maio-de-2015}}, [{{fill title _posts/2015/2015-04-13-workshop-de-ferramentas-computacionais-maio-de-2015}}](_posts/2015/2015-04-13-workshop-de-ferramentas-computacionais-maio-de-2015)
- {{fill date _posts/2015/2015-04-13-a-cli-reminder-remind}}, [{{fill title _posts/2015/2015-04-13-a-cli-reminder-remind}}](_posts/2015/2015-04-13-a-cli-reminder-remind)
- {{fill date _posts/2015/2015-02-25-apresentacao-no-vii-simposio-de-analise-numerica-e-otimizacao-ufpr}}, [{{fill title _posts/2015/2015-02-25-apresentacao-no-vii-simposio-de-analise-numerica-e-otimizacao-ufpr}}](_posts/2015/2015-02-25-apresentacao-no-vii-simposio-de-analise-numerica-e-otimizacao-ufpr)
- {{fill date _posts/2015/2015-02-06-cutestjl}}, [{{fill title _posts/2015/2015-02-06-cutestjl}}](_posts/2015/2015-02-06-cutestjl)
- {{fill date _posts/2015/2015-01-22-a-study-in-julia}}, [{{fill title _posts/2015/2015-01-22-a-study-in-julia}}](_posts/2015/2015-01-22-a-study-in-julia)
- {{fill date _posts/2015/2015-01-16-selecting-a-subgroup-of-cutest-problems-according-to-specific-criteria}}, [{{fill title _posts/2015/2015-01-16-selecting-a-subgroup-of-cutest-problems-according-to-specific-criteria}}](_posts/2015/2015-01-16-selecting-a-subgroup-of-cutest-problems-according-to-specific-criteria)
- {{fill date _posts/2015/2015-01-12-instalando-o-ubuntu-1410-no-sony-vaio}}, [{{fill title _posts/2015/2015-01-12-instalando-o-ubuntu-1410-no-sony-vaio}}](_posts/2015/2015-01-12-instalando-o-ubuntu-1410-no-sony-vaio)
- {{fill date _posts/2015/2015-01-08-cutest-com-matlab}}, [{{fill title _posts/2015/2015-01-08-cutest-com-matlab}}](_posts/2015/2015-01-08-cutest-com-matlab)
- {{fill date _posts/2015/2015-01-06-sharelatex-e-o-basico-do-cabecalho}}, [{{fill title _posts/2015/2015-01-06-sharelatex-e-o-basico-do-cabecalho}}](_posts/2015/2015-01-06-sharelatex-e-o-basico-do-cabecalho)
## 2014
- {{fill date _posts/2014/2014-12-19-mudando-de-hd}}, [{{fill title _posts/2014/2014-12-19-mudando-de-hd}}](_posts/2014/2014-12-19-mudando-de-hd)
- {{fill date _posts/2014/2014-12-16-instalacao-da-impressora-no-dmat-ufpr}}, [{{fill title _posts/2014/2014-12-16-instalacao-da-impressora-no-dmat-ufpr}}](_posts/2014/2014-12-16-instalacao-da-impressora-no-dmat-ufpr)
- {{fill date _posts/2014/2014-12-11-siclipod-um-gerenciador-de-podcasts-simples-em-linha-de-comando}}, [{{fill title _posts/2014/2014-12-11-siclipod-um-gerenciador-de-podcasts-simples-em-linha-de-comando}}](_posts/2014/2014-12-11-siclipod-um-gerenciador-de-podcasts-simples-em-linha-de-comando)
- {{fill date _posts/2014/2014-11-22-the-end-of-fortran}}, [{{fill title _posts/2014/2014-11-22-the-end-of-fortran}}](_posts/2014/2014-11-22-the-end-of-fortran)
- {{fill date _posts/2014/2014-11-22-caminho-academico}}, [{{fill title _posts/2014/2014-11-22-caminho-academico}}](_posts/2014/2014-11-22-caminho-academico)
- {{fill date _posts/2014/2014-11-22-academic-path}}, [{{fill title _posts/2014/2014-11-22-academic-path}}](_posts/2014/2014-11-22-academic-path)
- {{fill date _posts/2014/2014-11-16-perprof-py-a-performance-profile-package-for-python}}, [{{fill title _posts/2014/2014-11-16-perprof-py-a-performance-profile-package-for-python}}](_posts/2014/2014-11-16-perprof-py-a-performance-profile-package-for-python)
- {{fill date _posts/2014/2014-06-04-jogos-de-tabuleiro}}, [{{fill title _posts/2014/2014-06-04-jogos-de-tabuleiro}}](_posts/2014/2014-06-04-jogos-de-tabuleiro)
- {{fill date _posts/2014/2014-06-04-bibcli}}, [{{fill title _posts/2014/2014-06-04-bibcli}}](_posts/2014/2014-06-04-bibcli)
